<?xml version="1.0" encoding="UTF-8"?>
<Site BuildName="Win32-mingw32-make"
	BuildStamp="20231201-0443-Experimental"
	Name="LAPTOP-4AU7L8TG"
	Generator="ctest-3.23.22060601-MSVC_2"
	CompilerName="C:/msys64/mingw64/bin/g++.exe"
	CompilerVersion="11.2.0"
	OSName="Windows"
	Hostname="LAPTOP-4AU7L8TG"
	OSRelease=" Personal"
	OSVersion=" (Build 19045)"
	OSPlatform="AMD64"
	Is64Bits="1"
	VendorString="GenuineIntel"
	VendorID="Intel Corporation"
	FamilyID="6"
	ModelID="13"
	ProcessorCacheSize="-1"
	NumberOfLogicalCPU="16"
	NumberOfPhysicalCPU="8"
	TotalVirtualMemory="18579"
	TotalPhysicalMemory="16147"
	LogicalProcessorsPerPhysical="2"
	ProcessorClockFrequency="2304"
	>
	<Testing>
		<StartDateTime>Dec 01 09:44 Pakistan Standard Time</StartDateTime>
		<StartTestTime>1701405878</StartTestTime>
		<TestList/>
		<EndDateTime>Dec 01 09:44 Pakistan Standard Time</EndDateTime>
		<EndTestTime>1701405878</EndTestTime>
		<ElapsedMinutes>0</ElapsedMinutes>
	</Testing>
</Site>
